<?xml version="1.0" encoding="UTF-8"?>
<testng-results ignored="0" total="5" passed="5" failed="0" skipped="0">
  <reporter-output>
  </reporter-output>
  <suite started-at="2024-11-22T22:04:51 IST" name="Default suite" finished-at="2024-11-22T22:04:57 IST" duration-ms="6359">
    <groups>
    </groups>
    <test started-at="2024-11-22T22:04:51 IST" name="Default test" finished-at="2024-11-22T22:04:57 IST" duration-ms="6359">
      <class name="tests.TestCases">
        <test-method signature="Login()[pri:1, instance:tests.TestCases@7e8dcdaa]" started-at="2024-11-22T22:04:51 IST" name="Login" finished-at="2024-11-22T22:04:55 IST" duration-ms="4052" status="PASS">
          <reporter-output>
          </reporter-output>
        </test-method> <!-- Login -->
        <test-method signature="Create_Product()[pri:2, instance:tests.TestCases@7e8dcdaa]" started-at="2024-11-22T22:04:55 IST" name="Create_Product" finished-at="2024-11-22T22:04:56 IST" duration-ms="1727" status="PASS">
          <reporter-output>
          </reporter-output>
        </test-method> <!-- Create_Product -->
        <test-method signature="Create_Order()[pri:3, instance:tests.TestCases@7e8dcdaa]" started-at="2024-11-22T22:04:56 IST" name="Create_Order" finished-at="2024-11-22T22:04:57 IST" duration-ms="162" status="PASS">
          <reporter-output>
          </reporter-output>
        </test-method> <!-- Create_Order -->
        <test-method signature="View_Order_Details()[pri:4, instance:tests.TestCases@7e8dcdaa]" started-at="2024-11-22T22:04:57 IST" name="View_Order_Details" finished-at="2024-11-22T22:04:57 IST" duration-ms="157" status="PASS">
          <reporter-output>
          </reporter-output>
        </test-method> <!-- View_Order_Details -->
        <test-method signature="Delete_order()[pri:5, instance:tests.TestCases@7e8dcdaa]" started-at="2024-11-22T22:04:57 IST" name="Delete_order" finished-at="2024-11-22T22:04:57 IST" duration-ms="148" status="PASS">
          <reporter-output>
          </reporter-output>
        </test-method> <!-- Delete_order -->
      </class> <!-- tests.TestCases -->
    </test> <!-- Default test -->
  </suite> <!-- Default suite -->
</testng-results>
